<?xml version="1.0" encoding="UTF-8"?>
<robot generator="Robot 7.3.2 (Python 3.13.3 on win32)" generated="2025-07-22T22:38:28.230436" rpa="false" schemaversion="5">
<suite id="s1" name="Login Test" source="C:\Users\vikky\OneDrive\Documents\java\login_test.robot">
<kw name="Open Browser To Login Page" type="SETUP">
<kw name="Open Browser" owner="SeleniumLibrary">
<msg time="2025-07-22T22:38:28.599783" level="INFO">Opening browser 'chrome' to base url 'https://opensource-demo.orangehrmlive.com/'.</msg>
<arg>${URL}</arg>
<arg>${BROWSER}</arg>
<doc>Opens a new browser instance to the optional ``url``.</doc>
<status status="PASS" start="2025-07-22T22:38:28.599600" elapsed="7.501006"/>
</kw>
<kw name="Maximize Browser Window" owner="SeleniumLibrary">
<doc>Maximizes current browser window.</doc>
<status status="PASS" start="2025-07-22T22:38:36.100855" elapsed="0.033089"/>
</kw>
<kw name="Wait Until Page Contains Element" owner="SeleniumLibrary">
<arg>name=username</arg>
<doc>Waits until the element ``locator`` appears on the current page.</doc>
<status status="PASS" start="2025-07-22T22:38:36.134240" elapsed="0.437156"/>
</kw>
<status status="PASS" start="2025-07-22T22:38:28.598354" elapsed="7.973180"/>
</kw>
<test id="s1-t1" name="Valid Login Test" line="13">
<kw name="Input Text" owner="SeleniumLibrary">
<msg time="2025-07-22T22:38:36.572452" level="INFO">Typing text 'Admin' into text field 'name=username'.</msg>
<arg>name=username</arg>
<arg>${USERNAME}</arg>
<doc>Types the given ``text`` into the text field identified by ``locator``.</doc>
<status status="PASS" start="2025-07-22T22:38:36.572175" elapsed="0.068840"/>
</kw>
<kw name="Input Text" owner="SeleniumLibrary">
<msg time="2025-07-22T22:38:36.642096" level="INFO">Typing text 'admin123' into text field 'name=password'.</msg>
<arg>name=password</arg>
<arg>${PASSWORD}</arg>
<doc>Types the given ``text`` into the text field identified by ``locator``.</doc>
<status status="PASS" start="2025-07-22T22:38:36.641657" elapsed="0.063201"/>
</kw>
<kw name="Click Button" owner="SeleniumLibrary">
<msg time="2025-07-22T22:38:36.705980" level="INFO">Clicking button 'xpath=//button[@type='submit']'.</msg>
<arg>xpath=//button[@type='submit']</arg>
<doc>Clicks the button identified by ``locator``.</doc>
<status status="PASS" start="2025-07-22T22:38:36.705425" elapsed="0.065390"/>
</kw>
<kw name="Wait Until Page Contains Element" owner="SeleniumLibrary">
<arg>xpath=//h6[text()='Dashboard']</arg>
<arg>timeout=10s</arg>
<doc>Waits until the element ``locator`` appears on the current page.</doc>
<status status="PASS" start="2025-07-22T22:38:36.771245" elapsed="1.810298"/>
</kw>
<kw name="Page Should Contain" owner="SeleniumLibrary">
<msg time="2025-07-22T22:38:38.594446" level="INFO">Current page contains text 'Dashboard'.</msg>
<arg>Dashboard</arg>
<doc>Verifies that current page contains ``text``.</doc>
<status status="PASS" start="2025-07-22T22:38:38.581969" elapsed="0.012590"/>
</kw>
<status status="PASS" start="2025-07-22T22:38:36.571630" elapsed="2.023289"/>
</test>
<kw name="Close Browser" owner="SeleniumLibrary" type="TEARDOWN">
<doc>Closes the current browser.</doc>
<status status="PASS" start="2025-07-22T22:38:38.595950" elapsed="2.198463"/>
</kw>
<status status="PASS" start="2025-07-22T22:38:28.231808" elapsed="12.562743"/>
</suite>
<statistics>
<total>
<stat pass="1" fail="0" skip="0">All Tests</stat>
</total>
<tag>
</tag>
<suite>
<stat name="Login Test" id="s1" pass="1" fail="0" skip="0">Login Test</stat>
</suite>
</statistics>
<errors>
</errors>
</robot>
